<?xml version="1.0" encoding="UTF-8"?>
<!-- Generated by org.testng.reporters.JUnitXMLReporter -->
<testsuite ignored="0" hostname="Sufiyaan-Lappy" failures="0" tests="3" name="Default test" time="25.845" errors="0" timestamp="2024-04-04T21:22:18 IST">
  <testcase classname="com.Orange.OrangeHRM" name="loginWithInvalidData" time="4.093"/>
  <testcase classname="com.Orange.OrangeHRM" name="loginTestWthvalidData" time="1.252"/>
  <testcase classname="com.Orange.OrangeHRM" name="addEmployee" time="16.124"/>
</testsuite> <!-- Default test -->
